GROUP,PACKAGE,CLASS,INSTRUCTION_MISSED,INSTRUCTION_COVERED,BRANCH_MISSED,BRANCH_COVERED,LINE_MISSED,LINE_COVERED,COMPLEXITY_MISSED,COMPLEXITY_COVERED,METHOD_MISSED,METHOD_COVERED
Sample Lombok Maven Project,org.projectlombok.test,AnotherDataExample.Coin,59,0,0,0,9,0,3,0,3,0
Sample Lombok Maven Project,org.projectlombok.test,DataExample,176,0,20,0,36,0,23,0,13,0
Sample Lombok Maven Project,org.projectlombok.test,AnotherDataExample,132,0,22,0,29,0,20,0,9,0
Sample Lombok Maven Project,org.projectlombok.test,DataExample.Exercise,130,0,22,0,27,0,19,0,8,0
Sample Lombok Maven Project,org.projectlombok.test,App,7,0,0,0,3,0,2,0,2,0
